<testsuites id="" name="" tests="155" failures="0" skipped="155" errors="0" time="0.1933119999999999">
<testsuite name="auth-flow.spec.ts" timestamp="2025-08-30T04:17:40.881Z" hostname="chromium" tests="9" failures="0" skipped="9" time="0" errors="0">
<testcase name="Authentication Flow › should complete full auth flow: school selection → login → magic link" classname="auth-flow.spec.ts" time="0">
<skipped>
</skipped>
</testcase>
<testcase name="Authentication Flow › should handle invalid school domain" classname="auth-flow.spec.ts" time="0">
<skipped>
</skipped>
</testcase>
<testcase name="Authentication Flow › should handle expired magic links" classname="auth-flow.spec.ts" time="0">
<skipped>
</skipped>
</testcase>
<testcase name="Authentication Flow › should prevent rapid magic link requests (rate limiting)" classname="auth-flow.spec.ts" time="0">
<skipped>
</skipped>
</testcase>
<testcase name="Authentication Flow › should redirect authenticated users away from auth pages" classname="auth-flow.spec.ts" time="0">
<skipped>
</skipped>
</testcase>
<testcase name="Authentication Flow › should handle network errors gracefully" classname="auth-flow.spec.ts" time="0">
<skipped>
</skipped>
</testcase>
<testcase name="Authentication Flow › should work on mobile devices" classname="auth-flow.spec.ts" time="0">
<skipped>
</skipped>
</testcase>
<testcase name="Authentication Flow › should persist auth state across page reloads" classname="auth-flow.spec.ts" time="0">
<skipped>
</skipped>
</testcase>
<testcase name="Authentication Flow › should handle logout correctly" classname="auth-flow.spec.ts" time="0">
<skipped>
</skipped>
</testcase>
</testsuite>
<testsuite name="onboarding-flow.spec.ts" timestamp="2025-08-30T04:17:40.881Z" hostname="chromium" tests="12" failures="0" skipped="12" time="0" errors="0">
<testcase name="Onboarding Flow › should complete full student onboarding flow" classname="onboarding-flow.spec.ts" time="0">
<skipped>
</skipped>
</testcase>
<testcase name="Onboarding Flow › should complete faculty onboarding flow (simplified)" classname="onboarding-flow.spec.ts" time="0">
<skipped>
</skipped>
</testcase>
<testcase name="Onboarding Flow › should validate required fields" classname="onboarding-flow.spec.ts" time="0">
<skipped>
</skipped>
</testcase>
<testcase name="Onboarding Flow › should handle invalid graduation years" classname="onboarding-flow.spec.ts" time="0">
<skipped>
</skipped>
</testcase>
<testcase name="Onboarding Flow › should validate handle availability and format" classname="onboarding-flow.spec.ts" time="0">
<skipped>
</skipped>
</testcase>
<testcase name="Onboarding Flow › should handle taken handles" classname="onboarding-flow.spec.ts" time="0">
<skipped>
</skipped>
</testcase>
<testcase name="Onboarding Flow › should allow skipping optional steps" classname="onboarding-flow.spec.ts" time="0">
<skipped>
</skipped>
</testcase>
<testcase name="Onboarding Flow › should show progress correctly" classname="onboarding-flow.spec.ts" time="0">
<skipped>
</skipped>
</testcase>
<testcase name="Onboarding Flow › should handle back navigation" classname="onboarding-flow.spec.ts" time="0">
<skipped>
</skipped>
</testcase>
<testcase name="Onboarding Flow › should prevent access to onboarding for completed users" classname="onboarding-flow.spec.ts" time="0">
<skipped>
</skipped>
</testcase>
<testcase name="Onboarding Flow › should work on mobile devices" classname="onboarding-flow.spec.ts" time="0">
<skipped>
</skipped>
</testcase>
<testcase name="Onboarding Flow › should handle network errors during onboarding completion" classname="onboarding-flow.spec.ts" time="0">
<skipped>
</skipped>
</testcase>
</testsuite>
<testsuite name="smoke-tests.spec.ts" timestamp="2025-08-30T04:17:40.881Z" hostname="chromium" tests="10" failures="0" skipped="10" time="0" errors="0">
<testcase name="Smoke Tests - Critical User Journeys › should load the landing page" classname="smoke-tests.spec.ts" time="0">
<skipped>
</skipped>
</testcase>
<testcase name="Smoke Tests - Critical User Journeys › should handle app health check" classname="smoke-tests.spec.ts" time="0">
<skipped>
</skipped>
</testcase>
<testcase name="Smoke Tests - Critical User Journeys › should complete happy path: auth → onboarding → dashboard" classname="smoke-tests.spec.ts" time="0">
<skipped>
</skipped>
</testcase>
<testcase name="Smoke Tests - Critical User Journeys › should show error boundaries on critical failures" classname="smoke-tests.spec.ts" time="0">
<skipped>
</skipped>
</testcase>
<testcase name="Smoke Tests - Critical User Journeys › should be responsive on mobile" classname="smoke-tests.spec.ts" time="0">
<skipped>
</skipped>
</testcase>
<testcase name="Smoke Tests - Critical User Journeys › should handle JavaScript disabled gracefully" classname="smoke-tests.spec.ts" time="0">
<skipped>
</skipped>
</testcase>
<testcase name="Smoke Tests - Critical User Journeys › should persist data across page refreshes" classname="smoke-tests.spec.ts" time="0">
<skipped>
</skipped>
</testcase>
<testcase name="Smoke Tests - Critical User Journeys › should handle concurrent user sessions" classname="smoke-tests.spec.ts" time="0">
<skipped>
</skipped>
</testcase>
<testcase name="Smoke Tests - Critical User Journeys › should handle network connectivity issues" classname="smoke-tests.spec.ts" time="0">
<skipped>
</skipped>
</testcase>
<testcase name="Smoke Tests - Critical User Journeys › should maintain accessibility standards" classname="smoke-tests.spec.ts" time="0">
<skipped>
</skipped>
</testcase>
</testsuite>
<testsuite name="auth-flow.spec.ts" timestamp="2025-08-30T04:17:40.881Z" hostname="firefox" tests="9" failures="0" skipped="9" time="0" errors="0">
<testcase name="Authentication Flow › should complete full auth flow: school selection → login → magic link" classname="auth-flow.spec.ts" time="0">
<skipped>
</skipped>
</testcase>
<testcase name="Authentication Flow › should handle invalid school domain" classname="auth-flow.spec.ts" time="0">
<skipped>
</skipped>
</testcase>
<testcase name="Authentication Flow › should handle expired magic links" classname="auth-flow.spec.ts" time="0">
<skipped>
</skipped>
</testcase>
<testcase name="Authentication Flow › should prevent rapid magic link requests (rate limiting)" classname="auth-flow.spec.ts" time="0">
<skipped>
</skipped>
</testcase>
<testcase name="Authentication Flow › should redirect authenticated users away from auth pages" classname="auth-flow.spec.ts" time="0">
<skipped>
</skipped>
</testcase>
<testcase name="Authentication Flow › should handle network errors gracefully" classname="auth-flow.spec.ts" time="0">
<skipped>
</skipped>
</testcase>
<testcase name="Authentication Flow › should work on mobile devices" classname="auth-flow.spec.ts" time="0">
<skipped>
</skipped>
</testcase>
<testcase name="Authentication Flow › should persist auth state across page reloads" classname="auth-flow.spec.ts" time="0">
<skipped>
</skipped>
</testcase>
<testcase name="Authentication Flow › should handle logout correctly" classname="auth-flow.spec.ts" time="0">
<skipped>
</skipped>
</testcase>
</testsuite>
<testsuite name="onboarding-flow.spec.ts" timestamp="2025-08-30T04:17:40.881Z" hostname="firefox" tests="12" failures="0" skipped="12" time="0" errors="0">
<testcase name="Onboarding Flow › should complete full student onboarding flow" classname="onboarding-flow.spec.ts" time="0">
<skipped>
</skipped>
</testcase>
<testcase name="Onboarding Flow › should complete faculty onboarding flow (simplified)" classname="onboarding-flow.spec.ts" time="0">
<skipped>
</skipped>
</testcase>
<testcase name="Onboarding Flow › should validate required fields" classname="onboarding-flow.spec.ts" time="0">
<skipped>
</skipped>
</testcase>
<testcase name="Onboarding Flow › should handle invalid graduation years" classname="onboarding-flow.spec.ts" time="0">
<skipped>
</skipped>
</testcase>
<testcase name="Onboarding Flow › should validate handle availability and format" classname="onboarding-flow.spec.ts" time="0">
<skipped>
</skipped>
</testcase>
<testcase name="Onboarding Flow › should handle taken handles" classname="onboarding-flow.spec.ts" time="0">
<skipped>
</skipped>
</testcase>
<testcase name="Onboarding Flow › should allow skipping optional steps" classname="onboarding-flow.spec.ts" time="0">
<skipped>
</skipped>
</testcase>
<testcase name="Onboarding Flow › should show progress correctly" classname="onboarding-flow.spec.ts" time="0">
<skipped>
</skipped>
</testcase>
<testcase name="Onboarding Flow › should handle back navigation" classname="onboarding-flow.spec.ts" time="0">
<skipped>
</skipped>
</testcase>
<testcase name="Onboarding Flow › should prevent access to onboarding for completed users" classname="onboarding-flow.spec.ts" time="0">
<skipped>
</skipped>
</testcase>
<testcase name="Onboarding Flow › should work on mobile devices" classname="onboarding-flow.spec.ts" time="0">
<skipped>
</skipped>
</testcase>
<testcase name="Onboarding Flow › should handle network errors during onboarding completion" classname="onboarding-flow.spec.ts" time="0">
<skipped>
</skipped>
</testcase>
</testsuite>
<testsuite name="smoke-tests.spec.ts" timestamp="2025-08-30T04:17:40.881Z" hostname="firefox" tests="10" failures="0" skipped="10" time="0" errors="0">
<testcase name="Smoke Tests - Critical User Journeys › should load the landing page" classname="smoke-tests.spec.ts" time="0">
<skipped>
</skipped>
</testcase>
<testcase name="Smoke Tests - Critical User Journeys › should handle app health check" classname="smoke-tests.spec.ts" time="0">
<skipped>
</skipped>
</testcase>
<testcase name="Smoke Tests - Critical User Journeys › should complete happy path: auth → onboarding → dashboard" classname="smoke-tests.spec.ts" time="0">
<skipped>
</skipped>
</testcase>
<testcase name="Smoke Tests - Critical User Journeys › should show error boundaries on critical failures" classname="smoke-tests.spec.ts" time="0">
<skipped>
</skipped>
</testcase>
<testcase name="Smoke Tests - Critical User Journeys › should be responsive on mobile" classname="smoke-tests.spec.ts" time="0">
<skipped>
</skipped>
</testcase>
<testcase name="Smoke Tests - Critical User Journeys › should handle JavaScript disabled gracefully" classname="smoke-tests.spec.ts" time="0">
<skipped>
</skipped>
</testcase>
<testcase name="Smoke Tests - Critical User Journeys › should persist data across page refreshes" classname="smoke-tests.spec.ts" time="0">
<skipped>
</skipped>
</testcase>
<testcase name="Smoke Tests - Critical User Journeys › should handle concurrent user sessions" classname="smoke-tests.spec.ts" time="0">
<skipped>
</skipped>
</testcase>
<testcase name="Smoke Tests - Critical User Journeys › should handle network connectivity issues" classname="smoke-tests.spec.ts" time="0">
<skipped>
</skipped>
</testcase>
<testcase name="Smoke Tests - Critical User Journeys › should maintain accessibility standards" classname="smoke-tests.spec.ts" time="0">
<skipped>
</skipped>
</testcase>
</testsuite>
<testsuite name="auth-flow.spec.ts" timestamp="2025-08-30T04:17:40.881Z" hostname="webkit" tests="9" failures="0" skipped="9" time="0" errors="0">
<testcase name="Authentication Flow › should complete full auth flow: school selection → login → magic link" classname="auth-flow.spec.ts" time="0">
<skipped>
</skipped>
</testcase>
<testcase name="Authentication Flow › should handle invalid school domain" classname="auth-flow.spec.ts" time="0">
<skipped>
</skipped>
</testcase>
<testcase name="Authentication Flow › should handle expired magic links" classname="auth-flow.spec.ts" time="0">
<skipped>
</skipped>
</testcase>
<testcase name="Authentication Flow › should prevent rapid magic link requests (rate limiting)" classname="auth-flow.spec.ts" time="0">
<skipped>
</skipped>
</testcase>
<testcase name="Authentication Flow › should redirect authenticated users away from auth pages" classname="auth-flow.spec.ts" time="0">
<skipped>
</skipped>
</testcase>
<testcase name="Authentication Flow › should handle network errors gracefully" classname="auth-flow.spec.ts" time="0">
<skipped>
</skipped>
</testcase>
<testcase name="Authentication Flow › should work on mobile devices" classname="auth-flow.spec.ts" time="0">
<skipped>
</skipped>
</testcase>
<testcase name="Authentication Flow › should persist auth state across page reloads" classname="auth-flow.spec.ts" time="0">
<skipped>
</skipped>
</testcase>
<testcase name="Authentication Flow › should handle logout correctly" classname="auth-flow.spec.ts" time="0">
<skipped>
</skipped>
</testcase>
</testsuite>
<testsuite name="onboarding-flow.spec.ts" timestamp="2025-08-30T04:17:40.881Z" hostname="webkit" tests="12" failures="0" skipped="12" time="0" errors="0">
<testcase name="Onboarding Flow › should complete full student onboarding flow" classname="onboarding-flow.spec.ts" time="0">
<skipped>
</skipped>
</testcase>
<testcase name="Onboarding Flow › should complete faculty onboarding flow (simplified)" classname="onboarding-flow.spec.ts" time="0">
<skipped>
</skipped>
</testcase>
<testcase name="Onboarding Flow › should validate required fields" classname="onboarding-flow.spec.ts" time="0">
<skipped>
</skipped>
</testcase>
<testcase name="Onboarding Flow › should handle invalid graduation years" classname="onboarding-flow.spec.ts" time="0">
<skipped>
</skipped>
</testcase>
<testcase name="Onboarding Flow › should validate handle availability and format" classname="onboarding-flow.spec.ts" time="0">
<skipped>
</skipped>
</testcase>
<testcase name="Onboarding Flow › should handle taken handles" classname="onboarding-flow.spec.ts" time="0">
<skipped>
</skipped>
</testcase>
<testcase name="Onboarding Flow › should allow skipping optional steps" classname="onboarding-flow.spec.ts" time="0">
<skipped>
</skipped>
</testcase>
<testcase name="Onboarding Flow › should show progress correctly" classname="onboarding-flow.spec.ts" time="0">
<skipped>
</skipped>
</testcase>
<testcase name="Onboarding Flow › should handle back navigation" classname="onboarding-flow.spec.ts" time="0">
<skipped>
</skipped>
</testcase>
<testcase name="Onboarding Flow › should prevent access to onboarding for completed users" classname="onboarding-flow.spec.ts" time="0">
<skipped>
</skipped>
</testcase>
<testcase name="Onboarding Flow › should work on mobile devices" classname="onboarding-flow.spec.ts" time="0">
<skipped>
</skipped>
</testcase>
<testcase name="Onboarding Flow › should handle network errors during onboarding completion" classname="onboarding-flow.spec.ts" time="0">
<skipped>
</skipped>
</testcase>
</testsuite>
<testsuite name="smoke-tests.spec.ts" timestamp="2025-08-30T04:17:40.881Z" hostname="webkit" tests="10" failures="0" skipped="10" time="0" errors="0">
<testcase name="Smoke Tests - Critical User Journeys › should load the landing page" classname="smoke-tests.spec.ts" time="0">
<skipped>
</skipped>
</testcase>
<testcase name="Smoke Tests - Critical User Journeys › should handle app health check" classname="smoke-tests.spec.ts" time="0">
<skipped>
</skipped>
</testcase>
<testcase name="Smoke Tests - Critical User Journeys › should complete happy path: auth → onboarding → dashboard" classname="smoke-tests.spec.ts" time="0">
<skipped>
</skipped>
</testcase>
<testcase name="Smoke Tests - Critical User Journeys › should show error boundaries on critical failures" classname="smoke-tests.spec.ts" time="0">
<skipped>
</skipped>
</testcase>
<testcase name="Smoke Tests - Critical User Journeys › should be responsive on mobile" classname="smoke-tests.spec.ts" time="0">
<skipped>
</skipped>
</testcase>
<testcase name="Smoke Tests - Critical User Journeys › should handle JavaScript disabled gracefully" classname="smoke-tests.spec.ts" time="0">
<skipped>
</skipped>
</testcase>
<testcase name="Smoke Tests - Critical User Journeys › should persist data across page refreshes" classname="smoke-tests.spec.ts" time="0">
<skipped>
</skipped>
</testcase>
<testcase name="Smoke Tests - Critical User Journeys › should handle concurrent user sessions" classname="smoke-tests.spec.ts" time="0">
<skipped>
</skipped>
</testcase>
<testcase name="Smoke Tests - Critical User Journeys › should handle network connectivity issues" classname="smoke-tests.spec.ts" time="0">
<skipped>
</skipped>
</testcase>
<testcase name="Smoke Tests - Critical User Journeys › should maintain accessibility standards" classname="smoke-tests.spec.ts" time="0">
<skipped>
</skipped>
</testcase>
</testsuite>
<testsuite name="auth-flow.spec.ts" timestamp="2025-08-30T04:17:40.881Z" hostname="Mobile Chrome" tests="9" failures="0" skipped="9" time="0" errors="0">
<testcase name="Authentication Flow › should complete full auth flow: school selection → login → magic link" classname="auth-flow.spec.ts" time="0">
<skipped>
</skipped>
</testcase>
<testcase name="Authentication Flow › should handle invalid school domain" classname="auth-flow.spec.ts" time="0">
<skipped>
</skipped>
</testcase>
<testcase name="Authentication Flow › should handle expired magic links" classname="auth-flow.spec.ts" time="0">
<skipped>
</skipped>
</testcase>
<testcase name="Authentication Flow › should prevent rapid magic link requests (rate limiting)" classname="auth-flow.spec.ts" time="0">
<skipped>
</skipped>
</testcase>
<testcase name="Authentication Flow › should redirect authenticated users away from auth pages" classname="auth-flow.spec.ts" time="0">
<skipped>
</skipped>
</testcase>
<testcase name="Authentication Flow › should handle network errors gracefully" classname="auth-flow.spec.ts" time="0">
<skipped>
</skipped>
</testcase>
<testcase name="Authentication Flow › should work on mobile devices" classname="auth-flow.spec.ts" time="0">
<skipped>
</skipped>
</testcase>
<testcase name="Authentication Flow › should persist auth state across page reloads" classname="auth-flow.spec.ts" time="0">
<skipped>
</skipped>
</testcase>
<testcase name="Authentication Flow › should handle logout correctly" classname="auth-flow.spec.ts" time="0">
<skipped>
</skipped>
</testcase>
</testsuite>
<testsuite name="onboarding-flow.spec.ts" timestamp="2025-08-30T04:17:40.881Z" hostname="Mobile Chrome" tests="12" failures="0" skipped="12" time="0" errors="0">
<testcase name="Onboarding Flow › should complete full student onboarding flow" classname="onboarding-flow.spec.ts" time="0">
<skipped>
</skipped>
</testcase>
<testcase name="Onboarding Flow › should complete faculty onboarding flow (simplified)" classname="onboarding-flow.spec.ts" time="0">
<skipped>
</skipped>
</testcase>
<testcase name="Onboarding Flow › should validate required fields" classname="onboarding-flow.spec.ts" time="0">
<skipped>
</skipped>
</testcase>
<testcase name="Onboarding Flow › should handle invalid graduation years" classname="onboarding-flow.spec.ts" time="0">
<skipped>
</skipped>
</testcase>
<testcase name="Onboarding Flow › should validate handle availability and format" classname="onboarding-flow.spec.ts" time="0">
<skipped>
</skipped>
</testcase>
<testcase name="Onboarding Flow › should handle taken handles" classname="onboarding-flow.spec.ts" time="0">
<skipped>
</skipped>
</testcase>
<testcase name="Onboarding Flow › should allow skipping optional steps" classname="onboarding-flow.spec.ts" time="0">
<skipped>
</skipped>
</testcase>
<testcase name="Onboarding Flow › should show progress correctly" classname="onboarding-flow.spec.ts" time="0">
<skipped>
</skipped>
</testcase>
<testcase name="Onboarding Flow › should handle back navigation" classname="onboarding-flow.spec.ts" time="0">
<skipped>
</skipped>
</testcase>
<testcase name="Onboarding Flow › should prevent access to onboarding for completed users" classname="onboarding-flow.spec.ts" time="0">
<skipped>
</skipped>
</testcase>
<testcase name="Onboarding Flow › should work on mobile devices" classname="onboarding-flow.spec.ts" time="0">
<skipped>
</skipped>
</testcase>
<testcase name="Onboarding Flow › should handle network errors during onboarding completion" classname="onboarding-flow.spec.ts" time="0">
<skipped>
</skipped>
</testcase>
</testsuite>
<testsuite name="smoke-tests.spec.ts" timestamp="2025-08-30T04:17:40.881Z" hostname="Mobile Chrome" tests="10" failures="0" skipped="10" time="0" errors="0">
<testcase name="Smoke Tests - Critical User Journeys › should load the landing page" classname="smoke-tests.spec.ts" time="0">
<skipped>
</skipped>
</testcase>
<testcase name="Smoke Tests - Critical User Journeys › should handle app health check" classname="smoke-tests.spec.ts" time="0">
<skipped>
</skipped>
</testcase>
<testcase name="Smoke Tests - Critical User Journeys › should complete happy path: auth → onboarding → dashboard" classname="smoke-tests.spec.ts" time="0">
<skipped>
</skipped>
</testcase>
<testcase name="Smoke Tests - Critical User Journeys › should show error boundaries on critical failures" classname="smoke-tests.spec.ts" time="0">
<skipped>
</skipped>
</testcase>
<testcase name="Smoke Tests - Critical User Journeys › should be responsive on mobile" classname="smoke-tests.spec.ts" time="0">
<skipped>
</skipped>
</testcase>
<testcase name="Smoke Tests - Critical User Journeys › should handle JavaScript disabled gracefully" classname="smoke-tests.spec.ts" time="0">
<skipped>
</skipped>
</testcase>
<testcase name="Smoke Tests - Critical User Journeys › should persist data across page refreshes" classname="smoke-tests.spec.ts" time="0">
<skipped>
</skipped>
</testcase>
<testcase name="Smoke Tests - Critical User Journeys › should handle concurrent user sessions" classname="smoke-tests.spec.ts" time="0">
<skipped>
</skipped>
</testcase>
<testcase name="Smoke Tests - Critical User Journeys › should handle network connectivity issues" classname="smoke-tests.spec.ts" time="0">
<skipped>
</skipped>
</testcase>
<testcase name="Smoke Tests - Critical User Journeys › should maintain accessibility standards" classname="smoke-tests.spec.ts" time="0">
<skipped>
</skipped>
</testcase>
</testsuite>
<testsuite name="auth-flow.spec.ts" timestamp="2025-08-30T04:17:40.881Z" hostname="Mobile Safari" tests="9" failures="0" skipped="9" time="0" errors="0">
<testcase name="Authentication Flow › should complete full auth flow: school selection → login → magic link" classname="auth-flow.spec.ts" time="0">
<skipped>
</skipped>
</testcase>
<testcase name="Authentication Flow › should handle invalid school domain" classname="auth-flow.spec.ts" time="0">
<skipped>
</skipped>
</testcase>
<testcase name="Authentication Flow › should handle expired magic links" classname="auth-flow.spec.ts" time="0">
<skipped>
</skipped>
</testcase>
<testcase name="Authentication Flow › should prevent rapid magic link requests (rate limiting)" classname="auth-flow.spec.ts" time="0">
<skipped>
</skipped>
</testcase>
<testcase name="Authentication Flow › should redirect authenticated users away from auth pages" classname="auth-flow.spec.ts" time="0">
<skipped>
</skipped>
</testcase>
<testcase name="Authentication Flow › should handle network errors gracefully" classname="auth-flow.spec.ts" time="0">
<skipped>
</skipped>
</testcase>
<testcase name="Authentication Flow › should work on mobile devices" classname="auth-flow.spec.ts" time="0">
<skipped>
</skipped>
</testcase>
<testcase name="Authentication Flow › should persist auth state across page reloads" classname="auth-flow.spec.ts" time="0">
<skipped>
</skipped>
</testcase>
<testcase name="Authentication Flow › should handle logout correctly" classname="auth-flow.spec.ts" time="0">
<skipped>
</skipped>
</testcase>
</testsuite>
<testsuite name="onboarding-flow.spec.ts" timestamp="2025-08-30T04:17:40.881Z" hostname="Mobile Safari" tests="12" failures="0" skipped="12" time="0" errors="0">
<testcase name="Onboarding Flow › should complete full student onboarding flow" classname="onboarding-flow.spec.ts" time="0">
<skipped>
</skipped>
</testcase>
<testcase name="Onboarding Flow › should complete faculty onboarding flow (simplified)" classname="onboarding-flow.spec.ts" time="0">
<skipped>
</skipped>
</testcase>
<testcase name="Onboarding Flow › should validate required fields" classname="onboarding-flow.spec.ts" time="0">
<skipped>
</skipped>
</testcase>
<testcase name="Onboarding Flow › should handle invalid graduation years" classname="onboarding-flow.spec.ts" time="0">
<skipped>
</skipped>
</testcase>
<testcase name="Onboarding Flow › should validate handle availability and format" classname="onboarding-flow.spec.ts" time="0">
<skipped>
</skipped>
</testcase>
<testcase name="Onboarding Flow › should handle taken handles" classname="onboarding-flow.spec.ts" time="0">
<skipped>
</skipped>
</testcase>
<testcase name="Onboarding Flow › should allow skipping optional steps" classname="onboarding-flow.spec.ts" time="0">
<skipped>
</skipped>
</testcase>
<testcase name="Onboarding Flow › should show progress correctly" classname="onboarding-flow.spec.ts" time="0">
<skipped>
</skipped>
</testcase>
<testcase name="Onboarding Flow › should handle back navigation" classname="onboarding-flow.spec.ts" time="0">
<skipped>
</skipped>
</testcase>
<testcase name="Onboarding Flow › should prevent access to onboarding for completed users" classname="onboarding-flow.spec.ts" time="0">
<skipped>
</skipped>
</testcase>
<testcase name="Onboarding Flow › should work on mobile devices" classname="onboarding-flow.spec.ts" time="0">
<skipped>
</skipped>
</testcase>
<testcase name="Onboarding Flow › should handle network errors during onboarding completion" classname="onboarding-flow.spec.ts" time="0">
<skipped>
</skipped>
</testcase>
</testsuite>
<testsuite name="smoke-tests.spec.ts" timestamp="2025-08-30T04:17:40.881Z" hostname="Mobile Safari" tests="10" failures="0" skipped="10" time="0" errors="0">
<testcase name="Smoke Tests - Critical User Journeys › should load the landing page" classname="smoke-tests.spec.ts" time="0">
<skipped>
</skipped>
</testcase>
<testcase name="Smoke Tests - Critical User Journeys › should handle app health check" classname="smoke-tests.spec.ts" time="0">
<skipped>
</skipped>
</testcase>
<testcase name="Smoke Tests - Critical User Journeys › should complete happy path: auth → onboarding → dashboard" classname="smoke-tests.spec.ts" time="0">
<skipped>
</skipped>
</testcase>
<testcase name="Smoke Tests - Critical User Journeys › should show error boundaries on critical failures" classname="smoke-tests.spec.ts" time="0">
<skipped>
</skipped>
</testcase>
<testcase name="Smoke Tests - Critical User Journeys › should be responsive on mobile" classname="smoke-tests.spec.ts" time="0">
<skipped>
</skipped>
</testcase>
<testcase name="Smoke Tests - Critical User Journeys › should handle JavaScript disabled gracefully" classname="smoke-tests.spec.ts" time="0">
<skipped>
</skipped>
</testcase>
<testcase name="Smoke Tests - Critical User Journeys › should persist data across page refreshes" classname="smoke-tests.spec.ts" time="0">
<skipped>
</skipped>
</testcase>
<testcase name="Smoke Tests - Critical User Journeys › should handle concurrent user sessions" classname="smoke-tests.spec.ts" time="0">
<skipped>
</skipped>
</testcase>
<testcase name="Smoke Tests - Critical User Journeys › should handle network connectivity issues" classname="smoke-tests.spec.ts" time="0">
<skipped>
</skipped>
</testcase>
<testcase name="Smoke Tests - Critical User Journeys › should maintain accessibility standards" classname="smoke-tests.spec.ts" time="0">
<skipped>
</skipped>
</testcase>
</testsuite>
</testsuites>